# JRE version: OpenJDK Runtime Environment (11.0.13) (build 11.0.13+0-b1751.21-8125866)
# Java VM: OpenJDK 64-Bit Server VM (11.0.13+0-b1751.21-8125866, mixed mode, tiered, compressed oops, g1 gc, windows-amd64)
Heap:
 garbage-first heap   total 503808K, used 418382K [0x0000000080000000, 0x0000000100000000)
  region size 1024K, 179 young (183296K), 16 survivors (16384K)
 Metaspace       used 136290K, capacity 140000K, committed 140240K, reserved 1171456K
  class space    used 16820K, capacity 18194K, committed 18208K, reserved 1048576K
GC Heap History (20 events):
Event: 95.524 GC heap before
{Heap before GC invocations=88 (full 0):
 garbage-first heap   total 466944K, used 334776K [0x0000000080000000, 0x0000000100000000)
  region size 1024K, 162 young (165888K), 10 survivors (10240K)
 Metaspace       used 118884K, capacity 121794K, committed 122192K, reserved 1155072K
  class space    used 14713K, capacity 15884K, committed 16032K, reserved 1048576K
}
Event: 95.560 GC heap after
{Heap after GC invocations=89 (full 0):
 garbage-first heap   total 466944K, used 176135K [0x0000000080000000, 0x0000000100000000)
  region size 1024K, 10 young (10240K), 10 survivors (10240K)
 Metaspace       used 118884K, capacity 121794K, committed 122192K, reserved 1155072K
  class space    used 14713K, capacity 15884K, committed 16032K, reserved 1048576K
}
Event: 100.418 GC heap before
{Heap before GC invocations=90 (full 0):
 garbage-first heap   total 466944K, used 437255K [0x0000000080000000, 0x0000000100000000)
  region size 1024K, 235 young (240640K), 10 survivors (10240K)
 Metaspace       used 119994K, capacity 123051K, committed 123344K, reserved 1157120K
  class space    used 14832K, capacity 16023K, committed 16160K, reserved 1048576K
}
Event: 100.633 GC heap after
{Heap after GC invocations=91 (full 0):
 garbage-first heap   total 503808K, used 233510K [0x0000000080000000, 0x0000000100000000)
  region size 1024K, 30 young (30720K), 30 survivors (30720K)
 Metaspace       used 119994K, capacity 123051K, committed 123344K, reserved 1157120K
  class space    used 14832K, capacity 16023K, committed 16160K, reserved 1048576K
}
Event: 100.682 GC heap before
{Heap before GC invocations=91 (full 0):
 garbage-first heap   total 503808K, used 234534K [0x0000000080000000, 0x0000000100000000)
  region size 1024K, 31 young (31744K), 30 survivors (30720K)
 Metaspace       used 119996K, capacity 123051K, committed 123344K, reserved 1157120K
  class space    used 14832K, capacity 16023K, committed 16160K, reserved 1048576K
}
Event: 100.853 GC heap after
{Heap after GC invocations=92 (full 0):
 garbage-first heap   total 503808K, used 202240K [0x0000000080000000, 0x0000000100000000)
  region size 1024K, 2 young (2048K), 2 survivors (2048K)
 Metaspace       used 119996K, capacity 123051K, committed 123344K, reserved 1157120K
  class space    used 14832K, capacity 16023K, committed 16160K, reserved 1048576K
}
Event: 102.733 GC heap before
{Heap before GC invocations=92 (full 0):
 garbage-first heap   total 503808K, used 394752K [0x0000000080000000, 0x0000000100000000)
  region size 1024K, 160 young (163840K), 2 survivors (2048K)
 Metaspace       used 120067K, capacity 123080K, committed 123344K, reserved 1157120K
  class space    used 14842K, capacity 16032K, committed 16160K, reserved 1048576K
}
Event: 102.773 GC heap after
{Heap after GC invocations=93 (full 0):
 garbage-first heap   total 503808K, used 248000K [0x0000000080000000, 0x0000000100000000)
  region size 1024K, 17 young (17408K), 17 survivors (17408K)
 Metaspace       used 120067K, capacity 123080K, committed 123344K, reserved 1157120K
  class space    used 14842K, capacity 16032K, committed 16160K, reserved 1048576K
}
Event: 124.261 GC heap before
{Heap before GC invocations=93 (full 0):
 garbage-first heap   total 503808K, used 415936K [0x0000000080000000, 0x0000000100000000)
  region size 1024K, 164 young (167936K), 17 survivors (17408K)
 Metaspace       used 120486K, capacity 123498K, committed 123856K, reserved 1157120K
  class space    used 14850K, capacity 16039K, committed 16160K, reserved 1048576K
}
Event: 124.287 GC heap after
{Heap after GC invocations=94 (full 0):
 garbage-first heap   total 503808K, used 232427K [0x0000000080000000, 0x0000000100000000)
  region size 1024K, 3 young (3072K), 3 survivors (3072K)
 Metaspace       used 120486K, capacity 123498K, committed 123856K, reserved 1157120K
  class space    used 14850K, capacity 16039K, committed 16160K, reserved 1048576K
}
Event: 158.628 GC heap before
{Heap before GC invocations=94 (full 0):
 garbage-first heap   total 503808K, used 405483K [0x0000000080000000, 0x0000000100000000)
  region size 1024K, 171 young (175104K), 3 survivors (3072K)
 Metaspace       used 123993K, capacity 127054K, committed 127312K, reserved 1161216K
  class space    used 15228K, capacity 16419K, committed 16544K, reserved 1048576K
}
Event: 158.643 GC heap after
{Heap after GC invocations=95 (full 0):
 garbage-first heap   total 503808K, used 240456K [0x0000000080000000, 0x0000000100000000)
  region size 1024K, 9 young (9216K), 9 survivors (9216K)
 Metaspace       used 123993K, capacity 127054K, committed 127312K, reserved 1161216K
  class space    used 15228K, capacity 16419K, committed 16544K, reserved 1048576K
}
Event: 192.001 GC heap before
{Heap before GC invocations=95 (full 0):
 garbage-first heap   total 503808K, used 409416K [0x0000000080000000, 0x0000000100000000)
  region size 1024K, 175 young (179200K), 9 survivors (9216K)
 Metaspace       used 126682K, capacity 129927K, committed 130000K, reserved 1163264K
  class space    used 15626K, capacity 16898K, committed 16928K, reserved 1048576K
}
Event: 192.022 GC heap after
{Heap after GC invocations=96 (full 0):
 garbage-first heap   total 503808K, used 239787K [0x0000000080000000, 0x0000000100000000)
  region size 1024K, 10 young (10240K), 10 survivors (10240K)
 Metaspace       used 126682K, capacity 129927K, committed 130000K, reserved 1163264K
  class space    used 15626K, capacity 16898K, committed 16928K, reserved 1048576K
}
Event: 195.329 GC heap before
{Heap before GC invocations=96 (full 0):
 garbage-first heap   total 503808K, used 418987K [0x0000000080000000, 0x0000000100000000)
  region size 1024K, 183 young (187392K), 10 survivors (10240K)
 Metaspace       used 126782K, capacity 130057K, committed 130256K, reserved 1163264K
  class space    used 15631K, capacity 16899K, committed 16928K, reserved 1048576K
}
Event: 195.345 GC heap after
{Heap after GC invocations=97 (full 0):
 garbage-first heap   total 503808K, used 241986K [0x0000000080000000, 0x0000000100000000)
  region size 1024K, 10 young (10240K), 10 survivors (10240K)
 Metaspace       used 126782K, capacity 130057K, committed 130256K, reserved 1163264K
  class space    used 15631K, capacity 16899K, committed 16928K, reserved 1048576K
}
Event: 201.817 GC heap before
{Heap before GC invocations=97 (full 0):
 garbage-first heap   total 503808K, used 424258K [0x0000000080000000, 0x0000000100000000)
  region size 1024K, 186 young (190464K), 10 survivors (10240K)
 Metaspace       used 134546K, capacity 138061K, committed 138192K, reserved 1169408K
  class space    used 16593K, capacity 17907K, committed 17952K, reserved 1048576K
}
Event: 201.838 GC heap after
{Heap after GC invocations=98 (full 0):
 garbage-first heap   total 503808K, used 246149K [0x0000000080000000, 0x0000000100000000)
  region size 1024K, 14 young (14336K), 14 survivors (14336K)
 Metaspace       used 134546K, capacity 138061K, committed 138192K, reserved 1169408K
  class space    used 16593K, capacity 17907K, committed 17952K, reserved 1048576K
}
Event: 205.548 GC heap before
{Heap before GC invocations=98 (full 0):
 garbage-first heap   total 503808K, used 425349K [0x0000000080000000, 0x0000000100000000)
  region size 1024K, 190 young (194560K), 14 survivors (14336K)
 Metaspace       used 134705K, capacity 138275K, committed 138576K, reserved 1169408K
  class space    used 16615K, capacity 17956K, committed 18080K, reserved 1048576K
}
Event: 205.576 GC heap after
{Heap after GC invocations=99 (full 0):
 garbage-first heap   total 503808K, used 247374K [0x0000000080000000, 0x0000000100000000)
  region size 1024K, 16 young (16384K), 16 survivors (16384K)
 Metaspace       used 134705K, capacity 138275K, committed 138576K, reserved 1169408K
  class space    used 16615K, capacity 17956K, committed 18080K, reserved 1048576K
}

